#
# There is insufficient memory for the Java Runtime Environment to continue.
# Native memory allocation (malloc) failed to allocate 32744 bytes for ChunkPool::allocate
# Possible reasons:
#   The system is out of physical RAM or swap space
#   The process is running with CompressedOops enabled, and the Java Heap may be blocking the growth of the native heap
# Possible solutions:
#   Reduce memory load on the system
#   Increase physical memory or swap space
#   Check if swap backing store is full
#   Decrease Java heap size (-Xmx/-Xms)
#   Decrease number of Java threads
#   Decrease Java thread stack sizes (-Xss)
#   Set larger code cache with -XX:ReservedCodeCacheSize=
#   JVM is running with Unscaled Compressed Oops mode in which the Java heap is
#     placed in the first 4GB address space. The Java Heap base address is the
#     maximum limit for the native heap growth. Please use -XX:HeapBaseMinAddress
#     to set the Java Heap base and to place the Java Heap above 4GB virtual address.
# This output file may be truncated or incomplete.
#
#  Out of Memory Error (allocation.cpp:272), pid=11204, tid=0x0000000000002dcc
#
# JRE version: Java(TM) SE Runtime Environment (8.0_281-b09) (build 1.8.0_281-b09)
# Java VM: Java HotSpot(TM) 64-Bit Server VM (25.281-b09 mixed mode windows-amd64 compressed oops)
# Failed to write core dump. Minidumps are not enabled by default on client versions of Windows
#

---------------  T H R E A D  ---------------

Current thread (0x0000019a5ead8000):  JavaThread "C1 CompilerThread3" daemon [_thread_in_native, id=11724, stack(0x0000004114d00000,0x0000004114e00000)]

Stack: [0x0000004114d00000,0x0000004114e00000]
Native frames: (J=compiled Java code, j=interpreted, Vv=VM code, C=native code)
V  [jvm.dll+0x32e5b9]
V  [jvm.dll+0x275012]
V  [jvm.dll+0x275cbd]
V  [jvm.dll+0x26c6f5]
V  [jvm.dll+0xd569d]
V  [jvm.dll+0xd59fc]
V  [jvm.dll+0x3f78df]
V  [jvm.dll+0x3fdd63]
V  [jvm.dll+0x400798]
V  [jvm.dll+0x400d0e]
V  [jvm.dll+0x3f8bf5]
V  [jvm.dll+0x3f8073]
V  [jvm.dll+0x4019db]
V  [jvm.dll+0x3f91ff]
V  [jvm.dll+0x3fcca3]
V  [jvm.dll+0x3e05cf]
V  [jvm.dll+0x3dfe3d]
V  [jvm.dll+0x3e001e]
V  [jvm.dll+0x3df771]
V  [jvm.dll+0x3e11af]
V  [jvm.dll+0xabe9b]
V  [jvm.dll+0xaa4fb]
V  [jvm.dll+0x23d6b2]
V  [jvm.dll+0x291cbc]
C  [ucrtbase.dll+0x210b2]
C  [KERNEL32.DLL+0x17c24]
C  [ntdll.dll+0x6d721]


Current CompileTask:
C1:  18300 7277   !   1       org.springframework.beans.factory.support.ConstructorResolver::instantiateUsingFactoryMethod (1488 bytes)


---------------  P R O C E S S  ---------------

Java Threads: ( => current thread )
  0x0000019a62273000 JavaThread "Live Reload Server" daemon [_thread_in_native, id=12140, stack(0x0000004116e00000,0x0000004116f00000)]
  0x0000019a62272000 JavaThread "RMI TCP Connection(14)-127.0.0.1" daemon [_thread_in_native, id=23436, stack(0x0000004116d00000,0x0000004116e00000)]
  0x0000019a6226a800 JavaThread "RMI TCP Connection(13)-127.0.0.1" daemon [_thread_in_native, id=23896, stack(0x0000004116c00000,0x0000004116d00000)]
  0x0000019a62270800 JavaThread "RMI TCP Connection(11)-127.0.0.1" daemon [_thread_in_native, id=492, stack(0x0000004116b00000,0x0000004116c00000)]
  0x0000019a62270000 JavaThread "RMI TCP Connection(9)-127.0.0.1" daemon [_thread_in_native, id=10328, stack(0x0000004116a00000,0x0000004116b00000)]
  0x0000019a62271800 JavaThread "RMI TCP Connection(7)-127.0.0.1" daemon [_thread_in_native, id=14272, stack(0x0000004116900000,0x0000004116a00000)]
  0x0000019a62269000 JavaThread "lettuce-eventExecutorLoop-1-8" daemon [_thread_blocked, id=15408, stack(0x0000004116800000,0x0000004116900000)]
  0x0000019a6226e800 JavaThread "lettuce-eventExecutorLoop-1-7" daemon [_thread_blocked, id=21992, stack(0x0000004116700000,0x0000004116800000)]
  0x0000019a6226f000 JavaThread "lettuce-eventExecutorLoop-1-6" daemon [_thread_blocked, id=16560, stack(0x0000004116600000,0x0000004116700000)]
  0x0000019a6226a000 JavaThread "lettuce-eventExecutorLoop-1-5" daemon [_thread_blocked, id=22280, stack(0x0000004116500000,0x0000004116600000)]
  0x0000019a6226c000 JavaThread "lettuce-eventExecutorLoop-1-4" daemon [_thread_blocked, id=820, stack(0x0000004116400000,0x0000004116500000)]
  0x0000019a62268800 JavaThread "lettuce-eventExecutorLoop-1-3" daemon [_thread_blocked, id=9876, stack(0x0000004116300000,0x0000004116400000)]
  0x0000019a6226d800 JavaThread "lettuce-eventExecutorLoop-1-2" daemon [_thread_blocked, id=2552, stack(0x0000004116200000,0x0000004116300000)]
  0x0000019a60385800 JavaThread "lettuce-eventExecutorLoop-1-1" daemon [_thread_blocked, id=12588, stack(0x0000004116100000,0x0000004116200000)]
  0x0000019a60384000 JavaThread "lettuce-nioEventLoop-4-1" daemon [_thread_in_native, id=20560, stack(0x0000004115f00000,0x0000004116000000)]
  0x0000019a6037f800 JavaThread "Druid-ConnectionPool-Destroy-175152146" daemon [_thread_blocked, id=20088, stack(0x0000004115e00000,0x0000004115f00000)]
  0x0000019a60383800 JavaThread "Druid-ConnectionPool-Create-175152146" daemon [_thread_blocked, id=5756, stack(0x0000004115d00000,0x0000004115e00000)]
  0x0000019a60382000 JavaThread "mysql-cj-abandoned-connection-cleanup" daemon [_thread_blocked, id=3508, stack(0x0000004115c00000,0x0000004115d00000)]
  0x0000019a60386800 JavaThread "container-0" [_thread_blocked, id=21620, stack(0x0000004115b00000,0x0000004115c00000)]
  0x0000019a60381000 JavaThread "Catalina-utility-2" [_thread_blocked, id=21512, stack(0x0000004115a00000,0x0000004115b00000)]
  0x0000019a60380800 JavaThread "Catalina-utility-1" [_thread_blocked, id=13272, stack(0x0000004115900000,0x0000004115a00000)]
  0x0000019a60385000 JavaThread "RMI TCP Connection(3)-127.0.0.1" daemon [_thread_in_native, id=16364, stack(0x0000004115800000,0x0000004115900000)]
  0x0000019a5f954800 JavaThread "restartedMain" [_thread_in_Java, id=18108, stack(0x0000004115700000,0x0000004115800000)]
  0x0000019a5f951800 JavaThread "Thread-2" [_thread_blocked, id=21812, stack(0x0000004115600000,0x0000004115700000)]
  0x0000019a5f0f2000 JavaThread "RMI TCP Connection(5)-127.0.0.1" daemon [_thread_in_native, id=18584, stack(0x0000004115500000,0x0000004115600000)]
  0x0000019a5f0ef800 JavaThread "RMI Scheduler(0)" daemon [_thread_blocked, id=7728, stack(0x0000004115400000,0x0000004115500000)]
  0x0000019a5f0a0800 JavaThread "RMI TCP Connection(1)-127.0.0.1" daemon [_thread_in_native, id=12368, stack(0x0000004115300000,0x0000004115400000)]
  0x0000019a5ee31800 JavaThread "RMI TCP Accept-0" daemon [_thread_in_native, id=16680, stack(0x0000004115100000,0x0000004115200000)]
  0x0000019a5ee29800 JavaThread "RMI TCP Accept-53000" daemon [_thread_in_native, id=23420, stack(0x0000004115000000,0x0000004115100000)]
  0x0000019a5ee18000 JavaThread "RMI TCP Accept-0" daemon [_thread_in_native, id=18624, stack(0x0000004114f00000,0x0000004115000000)]
  0x0000019a5eb7c000 JavaThread "Service Thread" daemon [_thread_blocked, id=7800, stack(0x0000004114e00000,0x0000004114f00000)]
=>0x0000019a5ead8000 JavaThread "C1 CompilerThread3" daemon [_thread_in_native, id=11724, stack(0x0000004114d00000,0x0000004114e00000)]
  0x0000019a5ead7800 JavaThread "C2 CompilerThread2" daemon [_thread_blocked, id=10052, stack(0x0000004114c00000,0x0000004114d00000)]
  0x0000019a5ead4800 JavaThread "C2 CompilerThread1" daemon [_thread_blocked, id=14140, stack(0x0000004114b00000,0x0000004114c00000)]
  0x0000019a5ead4000 JavaThread "C2 CompilerThread0" daemon [_thread_blocked, id=16804, stack(0x0000004114a00000,0x0000004114b00000)]
  0x0000019a5ead0000 JavaThread "Monitor Ctrl-Break" daemon [_thread_in_native, id=20772, stack(0x0000004114900000,0x0000004114a00000)]
  0x0000019a5c7e6800 JavaThread "Attach Listener" daemon [_thread_blocked, id=17732, stack(0x0000004114800000,0x0000004114900000)]
  0x0000019a5c792800 JavaThread "Signal Dispatcher" daemon [_thread_blocked, id=11712, stack(0x0000004114700000,0x0000004114800000)]
  0x0000019a5c763000 JavaThread "Finalizer" daemon [_thread_blocked, id=23108, stack(0x0000004114600000,0x0000004114700000)]
  0x0000019a5c75b800 JavaThread "Reference Handler" daemon [_thread_blocked, id=16352, stack(0x0000004114500000,0x0000004114600000)]
  0x0000019a467dc800 JavaThread "main" [_thread_blocked, id=10208, stack(0x0000004113b00000,0x0000004113c00000)]

Other Threads:
  0x0000019a5c731800 VMThread [stack: 0x0000004114400000,0x0000004114500000] [id=23564]
  0x0000019a5ee34800 WatcherThread [stack: 0x0000004115200000,0x0000004115300000] [id=6476]

VM state:not at safepoint (normal execution)

VM Mutex/Monitor currently owned by a thread: None

heap address: 0x0000000082e00000, size: 2002 MB, Compressed Oops mode: 32-bit
Narrow klass base: 0x0000000000000000, Narrow klass shift: 3
Compressed class space size: 1073741824 Address: 0x0000000100000000

Heap:
 PSYoungGen      total 343040K, used 80834K [0x00000000d6500000, 0x00000000ee700000, 0x0000000100000000)
  eden space 316928K, 21% used [0x00000000d6500000,0x00000000da6ada88,0x00000000e9a80000)
  from space 26112K, 52% used [0x00000000e9a80000,0x00000000ea7c2e60,0x00000000eb400000)
  to   space 26112K, 0% used [0x00000000eb400000,0x00000000eb400000,0x00000000ecd80000)
 ParOldGen       total 137216K, used 44278K [0x0000000082e00000, 0x000000008b400000, 0x00000000d6500000)
  object space 137216K, 32% used [0x0000000082e00000,0x000000008593da48,0x000000008b400000)
 Metaspace       used 63628K, capacity 66724K, committed 66816K, reserved 1107968K
  class space    used 7831K, capacity 8399K, committed 8448K, reserved 1048576K

Card table byte_map: [0x0000019a573e0000,0x0000019a577d0000] byte_map_base: 0x0000019a56fc9000

Marking Bits: (ParMarkBitMap*) 0x000000005a9c6ff0
 Begin Bits: [0x0000019a57a70000, 0x0000019a599b8000)
 End Bits:   [0x0000019a599b8000, 0x0000019a5b900000)

Polling page: 0x0000019a46700000

CodeCache: size=245760Kb used=14445Kb max_used=14448Kb free=231314Kb
 bounds [0x0000019a48020000, 0x0000019a48e40000, 0x0000019a57020000]
 total_blobs=7768 nmethods=7179 adapters=500
 compilation: enabled

Compilation events (10 events):
Event: 18.265 Thread 0x0000019a5ead8000 nmethod 7272 0x0000019a48e3db90 code [0x0000019a48e3dce0, 0x0000019a48e3de58]
Event: 18.265 Thread 0x0000019a5ead8000 7273       1       org.springframework.core.SimpleAliasRegistry$$Lambda$262/1343178633::<init> (20 bytes)
Event: 18.265 Thread 0x0000019a5ead8000 nmethod 7273 0x0000019a48e3ded0 code [0x0000019a48e3e020, 0x0000019a48e3e178]
Event: 18.266 Thread 0x0000019a5ead8000 7274       1       java.util.concurrent.ConcurrentHashMap::forEach (65 bytes)
Event: 18.266 Thread 0x0000019a5ead8000 nmethod 7274 0x0000019a4871a250 code [0x0000019a4871a3e0, 0x0000019a4871a6a0]
Event: 18.266 Thread 0x0000019a5ead8000 7275       1       org.springframework.web.servlet.handler.BeanNameUrlHandlerMapping::determineUrlsForHandler (91 bytes)
Event: 18.267 Thread 0x0000019a5ead8000 nmethod 7275 0x0000019a487191d0 code [0x0000019a487193c0, 0x0000019a48719ac0]
Event: 18.267 Thread 0x0000019a5ead8000 7276       1       org.springframework.context.support.AbstractApplicationContext::getAliases (11 bytes)
Event: 18.267 Thread 0x0000019a5ead8000 nmethod 7276 0x0000019a4872ac10 code [0x0000019a4872ad80, 0x0000019a4872aee0]
Event: 18.275 Thread 0x0000019a5ead8000 7277   !   1       org.springframework.beans.factory.support.ConstructorResolver::instantiateUsingFactoryMethod (1488 bytes)

GC Heap History (10 events):
Event: 6.995 GC heap before
{Heap before GC invocations=14 (full 2):
 PSYoungGen      total 230400K, used 226432K [0x00000000d6500000, 0x00000000e8580000, 0x0000000100000000)
  eden space 212480K, 100% used [0x00000000d6500000,0x00000000e3480000,0x00000000e3480000)
  from space 17920K, 77% used [0x00000000e3480000,0x00000000e42202d8,0x00000000e4600000)
  to   space 18432K, 0% used [0x00000000e7380000,0x00000000e7380000,0x00000000e8580000)
 ParOldGen       total 97792K, used 24860K [0x0000000082e00000, 0x0000000088d80000, 0x00000000d6500000)
  object space 97792K, 25% used [0x0000000082e00000,0x0000000084647300,0x0000000088d80000)
 Metaspace       used 47052K, capacity 48994K, committed 49152K, reserved 1091584K
  class space    used 6164K, capacity 6557K, committed 6656K, reserved 1048576K
Event: 7.004 GC heap after
Heap after GC invocations=14 (full 2):
 PSYoungGen      total 274944K, used 17093K [0x00000000d6500000, 0x00000000e9480000, 0x0000000100000000)
  eden space 256512K, 0% used [0x00000000d6500000,0x00000000d6500000,0x00000000e5f80000)
  from space 18432K, 92% used [0x00000000e7380000,0x00000000e8431610,0x00000000e8580000)
  to   space 20480K, 0% used [0x00000000e5f80000,0x00000000e5f80000,0x00000000e7380000)
 ParOldGen       total 97792K, used 24868K [0x0000000082e00000, 0x0000000088d80000, 0x00000000d6500000)
  object space 97792K, 25% used [0x0000000082e00000,0x0000000084649300,0x0000000088d80000)
 Metaspace       used 47052K, capacity 48994K, committed 49152K, reserved 1091584K
  class space    used 6164K, capacity 6557K, committed 6656K, reserved 1048576K
}
Event: 12.028 GC heap before
{Heap before GC invocations=15 (full 2):
 PSYoungGen      total 274944K, used 273605K [0x00000000d6500000, 0x00000000e9480000, 0x0000000100000000)
  eden space 256512K, 100% used [0x00000000d6500000,0x00000000e5f80000,0x00000000e5f80000)
  from space 18432K, 92% used [0x00000000e7380000,0x00000000e8431610,0x00000000e8580000)
  to   space 20480K, 0% used [0x00000000e5f80000,0x00000000e5f80000,0x00000000e7380000)
 ParOldGen       total 97792K, used 24868K [0x0000000082e00000, 0x0000000088d80000, 0x00000000d6500000)
  object space 97792K, 25% used [0x0000000082e00000,0x0000000084649300,0x0000000088d80000)
 Metaspace       used 56445K, capacity 58610K, committed 58752K, reserved 1099776K
  class space    used 7080K, capacity 7507K, committed 7552K, reserved 1048576K
Event: 12.043 GC heap after
Heap after GC invocations=15 (full 2):
 PSYoungGen      total 276992K, used 20477K [0x00000000d6500000, 0x00000000ecd80000, 0x0000000100000000)
  eden space 256512K, 0% used [0x00000000d6500000,0x00000000d6500000,0x00000000e5f80000)
  from space 20480K, 99% used [0x00000000e5f80000,0x00000000e737f7c0,0x00000000e7380000)
  to   space 26112K, 0% used [0x00000000eb400000,0x00000000eb400000,0x00000000ecd80000)
 ParOldGen       total 97792K, used 33197K [0x0000000082e00000, 0x0000000088d80000, 0x00000000d6500000)
  object space 97792K, 33% used [0x0000000082e00000,0x0000000084e6b780,0x0000000088d80000)
 Metaspace       used 56445K, capacity 58610K, committed 58752K, reserved 1099776K
  class space    used 7080K, capacity 7507K, committed 7552K, reserved 1048576K
}
Event: 12.174 GC heap before
{Heap before GC invocations=16 (full 2):
 PSYoungGen      total 276992K, used 49209K [0x00000000d6500000, 0x00000000ecd80000, 0x0000000100000000)
  eden space 256512K, 11% used [0x00000000d6500000,0x00000000d810ec58,0x00000000e5f80000)
  from space 20480K, 99% used [0x00000000e5f80000,0x00000000e737f7c0,0x00000000e7380000)
  to   space 26112K, 0% used [0x00000000eb400000,0x00000000eb400000,0x00000000ecd80000)
 ParOldGen       total 97792K, used 33197K [0x0000000082e00000, 0x0000000088d80000, 0x00000000d6500000)
  object space 97792K, 33% used [0x0000000082e00000,0x0000000084e6b780,0x0000000088d80000)
 Metaspace       used 56866K, capacity 59086K, committed 59160K, reserved 1101824K
  class space    used 7121K, capacity 7533K, committed 7552K, reserved 1048576K
Event: 12.187 GC heap after
Heap after GC invocations=16 (full 2):
 PSYoungGen      total 343040K, used 16594K [0x00000000d6500000, 0x00000000ee700000, 0x0000000100000000)
  eden space 316928K, 0% used [0x00000000d6500000,0x00000000d6500000,0x00000000e9a80000)
  from space 26112K, 63% used [0x00000000eb400000,0x00000000ec434a30,0x00000000ecd80000)
  to   space 26112K, 0% used [0x00000000e9a80000,0x00000000e9a80000,0x00000000eb400000)
 ParOldGen       total 97792K, used 38015K [0x0000000082e00000, 0x0000000088d80000, 0x00000000d6500000)
  object space 97792K, 38% used [0x0000000082e00000,0x000000008531fd98,0x0000000088d80000)
 Metaspace       used 56866K, capacity 59086K, committed 59160K, reserved 1101824K
  class space    used 7121K, capacity 7533K, committed 7552K, reserved 1048576K
}
Event: 12.187 GC heap before
{Heap before GC invocations=17 (full 3):
 PSYoungGen      total 343040K, used 16594K [0x00000000d6500000, 0x00000000ee700000, 0x0000000100000000)
  eden space 316928K, 0% used [0x00000000d6500000,0x00000000d6500000,0x00000000e9a80000)
  from space 26112K, 63% used [0x00000000eb400000,0x00000000ec434a30,0x00000000ecd80000)
  to   space 26112K, 0% used [0x00000000e9a80000,0x00000000e9a80000,0x00000000eb400000)
 ParOldGen       total 97792K, used 38015K [0x0000000082e00000, 0x0000000088d80000, 0x00000000d6500000)
  object space 97792K, 38% used [0x0000000082e00000,0x000000008531fd98,0x0000000088d80000)
 Metaspace       used 56866K, capacity 59086K, committed 59160K, reserved 1101824K
  class space    used 7121K, capacity 7533K, committed 7552K, reserved 1048576K
Event: 12.420 GC heap after
Heap after GC invocations=17 (full 3):
 PSYoungGen      total 343040K, used 0K [0x00000000d6500000, 0x00000000ee700000, 0x0000000100000000)
  eden space 316928K, 0% used [0x00000000d6500000,0x00000000d6500000,0x00000000e9a80000)
  from space 26112K, 0% used [0x00000000eb400000,0x00000000eb400000,0x00000000ecd80000)
  to   space 26112K, 0% used [0x00000000e9a80000,0x00000000e9a80000,0x00000000eb400000)
 ParOldGen       total 137216K, used 44270K [0x0000000082e00000, 0x000000008b400000, 0x00000000d6500000)
  object space 137216K, 32% used [0x0000000082e00000,0x000000008593ba48,0x000000008b400000)
 Metaspace       used 56825K, capacity 59020K, committed 59160K, reserved 1101824K
  class space    used 7115K, capacity 7522K, committed 7552K, reserved 1048576K
}
Event: 17.931 GC heap before
{Heap before GC invocations=18 (full 3):
 PSYoungGen      total 343040K, used 316928K [0x00000000d6500000, 0x00000000ee700000, 0x0000000100000000)
  eden space 316928K, 100% used [0x00000000d6500000,0x00000000e9a80000,0x00000000e9a80000)
  from space 26112K, 0% used [0x00000000eb400000,0x00000000eb400000,0x00000000ecd80000)
  to   space 26112K, 0% used [0x00000000e9a80000,0x00000000e9a80000,0x00000000eb400000)
 ParOldGen       total 137216K, used 44270K [0x0000000082e00000, 0x000000008b400000, 0x00000000d6500000)
  object space 137216K, 32% used [0x0000000082e00000,0x000000008593ba48,0x000000008b400000)
 Metaspace       used 62507K, capacity 65464K, committed 65664K, reserved 1105920K
  class space    used 7674K, capacity 8203K, committed 8320K, reserved 1048576K
Event: 17.946 GC heap after
Heap after GC invocations=18 (full 3):
 PSYoungGen      total 343040K, used 13579K [0x00000000d6500000, 0x00000000ee700000, 0x0000000100000000)
  eden space 316928K, 0% used [0x00000000d6500000,0x00000000d6500000,0x00000000e9a80000)
  from space 26112K, 52% used [0x00000000e9a80000,0x00000000ea7c2e60,0x00000000eb400000)
  to   space 26112K, 0% used [0x00000000eb400000,0x00000000eb400000,0x00000000ecd80000)
 ParOldGen       total 137216K, used 44278K [0x0000000082e00000, 0x000000008b400000, 0x00000000d6500000)
  object space 137216K, 32% used [0x0000000082e00000,0x000000008593da48,0x000000008b400000)
 Metaspace       used 62507K, capacity 65464K, committed 65664K, reserved 1105920K
  class space    used 7674K, capacity 8203K, committed 8320K, reserved 1048576K
}

Deoptimization events (0 events):
No events

Classes redefined (0 events):
No events

Internal exceptions (10 events):
Event: 18.106 Thread 0x0000019a5f954800 Exception <a 'java/lang/ArrayIndexOutOfBoundsException'> (0x00000000d8552c80) thrown at [C:\jenkins\workspace\8-2-build-windows-amd64-cygwin\jdk8u281\880\hotspot\src\share\vm\runtime\sharedRuntime.cpp, line 609]
Event: 18.133 Thread 0x0000019a5f954800 Exception <a 'java/lang/ArrayIndexOutOfBoundsException'> (0x00000000d899e168) thrown at [C:\jenkins\workspace\8-2-build-windows-amd64-cygwin\jdk8u281\880\hotspot\src\share\vm\runtime\sharedRuntime.cpp, line 609]
Event: 18.153 Thread 0x0000019a5f954800 Exception <a 'java/lang/ArrayIndexOutOfBoundsException'> (0x00000000d8c0ebd8) thrown at [C:\jenkins\workspace\8-2-build-windows-amd64-cygwin\jdk8u281\880\hotspot\src\share\vm\runtime\sharedRuntime.cpp, line 609]
Event: 18.161 Thread 0x0000019a5f954800 Exception <a 'java/lang/ArrayIndexOutOfBoundsException'> (0x00000000d8da4ba0) thrown at [C:\jenkins\workspace\8-2-build-windows-amd64-cygwin\jdk8u281\880\hotspot\src\share\vm\runtime\sharedRuntime.cpp, line 609]
Event: 18.161 Thread 0x0000019a5f954800 Exception <a 'java/lang/ArrayIndexOutOfBoundsException'> (0x00000000d8da6a38) thrown at [C:\jenkins\workspace\8-2-build-windows-amd64-cygwin\jdk8u281\880\hotspot\src\share\vm\runtime\sharedRuntime.cpp, line 609]
Event: 18.163 Thread 0x0000019a5f954800 Exception <a 'java/lang/ArrayIndexOutOfBoundsException'> (0x00000000d8de6650) thrown at [C:\jenkins\workspace\8-2-build-windows-amd64-cygwin\jdk8u281\880\hotspot\src\share\vm\runtime\sharedRuntime.cpp, line 609]
Event: 18.163 Thread 0x0000019a5f954800 Exception <a 'java/lang/ArrayIndexOutOfBoundsException'> (0x00000000d8de87d8) thrown at [C:\jenkins\workspace\8-2-build-windows-amd64-cygwin\jdk8u281\880\hotspot\src\share\vm\runtime\sharedRuntime.cpp, line 609]
Event: 18.166 Thread 0x0000019a5f954800 Exception <a 'java/lang/ArrayIndexOutOfBoundsException'> (0x00000000d8e44798) thrown at [C:\jenkins\workspace\8-2-build-windows-amd64-cygwin\jdk8u281\880\hotspot\src\share\vm\runtime\sharedRuntime.cpp, line 609]
Event: 18.213 Thread 0x0000019a5f954800 Exception <a 'java/lang/ArrayIndexOutOfBoundsException'> (0x00000000d92befe0) thrown at [C:\jenkins\workspace\8-2-build-windows-amd64-cygwin\jdk8u281\880\hotspot\src\share\vm\runtime\sharedRuntime.cpp, line 609]
Event: 18.213 Thread 0x0000019a5f954800 Exception <a 'java/lang/ArrayIndexOutOfBoundsException'> (0x00000000d92c5598) thrown at [C:\jenkins\workspace\8-2-build-windows-amd64-cygwin\jdk8u281\880\hotspot\src\share\vm\runtime\sharedRuntime.cpp, line 609]

Events (10 events):
Event: 18.271 loading class org/springframework/boot/autoconfigure/web/ResourceProperties$Cache$Cachecontrol
Event: 18.271 loading class org/springframework/boot/autoconfigure/web/ResourceProperties$Cache$Cachecontrol done
Event: 18.271 loading class org/springframework/http/CacheControl
Event: 18.271 loading class org/springframework/http/CacheControl done
Event: 18.271 loading class org/springframework/http/CacheControl
Event: 18.271 loading class org/springframework/http/CacheControl done
Event: 18.281 loading class org/joda/time/LocalDate
Event: 18.281 loading class org/joda/time/LocalDate done
Event: 18.281 loading class org/joda/time$LocalDate
Event: 18.281 loading class org/joda/time$LocalDate done


Dynamic libraries:
0x00007ff6f3e70000 - 0x00007ff6f3eb7000 	D:\Java\jdk -8\bin\java.exe
0x00007ff8e4ec0000 - 0x00007ff8e50b0000 	C:\Windows\SYSTEM32\ntdll.dll
0x00007ff8e3fb0000 - 0x00007ff8e4062000 	C:\Windows\System32\KERNEL32.DLL
0x00007ff8e2480000 - 0x00007ff8e2725000 	C:\Windows\System32\KERNELBASE.dll
0x00007ff8e3f00000 - 0x00007ff8e3fa3000 	C:\Windows\System32\ADVAPI32.dll
0x00007ff8e4a70000 - 0x00007ff8e4b0e000 	C:\Windows\System32\msvcrt.dll
0x00007ff8e3210000 - 0x00007ff8e32a7000 	C:\Windows\System32\sechost.dll
0x00007ff8e3450000 - 0x00007ff8e356f000 	C:\Windows\System32\RPCRT4.dll
0x00007ff8e4070000 - 0x00007ff8e4204000 	C:\Windows\System32\USER32.dll
0x00007ff8e2450000 - 0x00007ff8e2471000 	C:\Windows\System32\win32u.dll
0x00007ff8e3570000 - 0x00007ff8e3596000 	C:\Windows\System32\GDI32.dll
0x00007ff8e1fe0000 - 0x00007ff8e2178000 	C:\Windows\System32\gdi32full.dll
0x00007ff8e21a0000 - 0x00007ff8e223e000 	C:\Windows\System32\msvcp_win.dll
0x00007ff8e1e30000 - 0x00007ff8e1f2a000 	C:\Windows\System32\ucrtbase.dll
0x00007ff8c0fd0000 - 0x00007ff8c1254000 	C:\Windows\WinSxS\amd64_microsoft.windows.common-controls_6595b64144ccf1df_6.0.18362.1556_none_9e7e372fe45e41d5\COMCTL32.dll
0x00007ff8e42c0000 - 0x00007ff8e45f6000 	C:\Windows\System32\combase.dll
0x00007ff8e2730000 - 0x00007ff8e27b1000 	C:\Windows\System32\bcryptPrimitives.dll
0x00007ff8e32b0000 - 0x00007ff8e32de000 	C:\Windows\System32\IMM32.DLL
0x00007ff8cf3b0000 - 0x00007ff8cf3c5000 	D:\Java\jdk -8\jre\bin\vcruntime140.dll
0x00007ff8b0d50000 - 0x00007ff8b0deb000 	D:\Java\jdk -8\jre\bin\msvcp140.dll
0x000000005a1e0000 - 0x000000005aa3f000 	D:\Java\jdk -8\jre\bin\server\jvm.dll
0x00007ff8e3200000 - 0x00007ff8e3208000 	C:\Windows\System32\PSAPI.DLL
0x00007ff8d9ae0000 - 0x00007ff8d9ae9000 	C:\Windows\SYSTEM32\WSOCK32.dll
0x00007ff8d6130000 - 0x00007ff8d613a000 	C:\Windows\SYSTEM32\VERSION.dll
0x00007ff8e4e10000 - 0x00007ff8e4e7f000 	C:\Windows\System32\WS2_32.dll
0x00007ff8e06f0000 - 0x00007ff8e0714000 	C:\Windows\SYSTEM32\WINMM.dll
0x00007ff8e06c0000 - 0x00007ff8e06ed000 	C:\Windows\SYSTEM32\WINMMBASE.dll
0x00007ff8e1f30000 - 0x00007ff8e1f7a000 	C:\Windows\System32\cfgmgr32.dll
0x00007ff8e1dd0000 - 0x00007ff8e1de1000 	C:\Windows\System32\kernel.appcore.dll
0x00007ff8d8800000 - 0x00007ff8d8810000 	D:\Java\jdk -8\jre\bin\verify.dll
0x00007ff8cdf70000 - 0x00007ff8cdf9b000 	D:\Java\jdk -8\jre\bin\java.dll
0x00007ff8c67b0000 - 0x00007ff8c67e0000 	D:\Java\jdk -8\jre\bin\instrument.dll
0x00007ff8cf270000 - 0x00007ff8cf288000 	D:\Java\jdk -8\jre\bin\zip.dll
0x00007ff8e37b0000 - 0x00007ff8e3e97000 	C:\Windows\System32\SHELL32.dll
0x00007ff8e4d40000 - 0x00007ff8e4de8000 	C:\Windows\System32\shcore.dll
0x00007ff8e27f0000 - 0x00007ff8e2f6b000 	C:\Windows\System32\windows.storage.dll
0x00007ff8e1df0000 - 0x00007ff8e1e0e000 	C:\Windows\System32\profapi.dll
0x00007ff8e1d80000 - 0x00007ff8e1dca000 	C:\Windows\System32\powrprof.dll
0x00007ff8e1d70000 - 0x00007ff8e1d80000 	C:\Windows\System32\UMPDC.dll
0x00007ff8e3ea0000 - 0x00007ff8e3ef2000 	C:\Windows\System32\shlwapi.dll
0x00007ff8e2180000 - 0x00007ff8e2197000 	C:\Windows\System32\cryptsp.dll
0x00007ff8cc560000 - 0x00007ff8cc57a000 	D:\IntelliJ IDEA 2018.2.2\bin\breakgen64.dll
0x00007ff8cb500000 - 0x00007ff8cb51c000 	D:\Java\jdk -8\jre\bin\net.dll
0x00007ff8e15b0000 - 0x00007ff8e1617000 	C:\Windows\system32\mswsock.dll
0x00007ff8d85d0000 - 0x00007ff8d85dd000 	D:\Java\jdk -8\jre\bin\management.dll
0x00007ff8cb220000 - 0x00007ff8cb233000 	D:\Java\jdk -8\jre\bin\nio.dll
0x00007ff8c4ec0000 - 0x00007ff8c4ed6000 	C:\Windows\system32\napinsp.dll
0x00007ff8c4ea0000 - 0x00007ff8c4eba000 	C:\Windows\system32\pnrpnsp.dll
0x00007ff8e1300000 - 0x00007ff8e13cb000 	C:\Windows\SYSTEM32\DNSAPI.dll
0x00007ff8e3440000 - 0x00007ff8e3448000 	C:\Windows\System32\NSI.dll
0x00007ff8e12c0000 - 0x00007ff8e12fa000 	C:\Windows\SYSTEM32\IPHLPAPI.DLL
0x00007ff8c4e60000 - 0x00007ff8c4e6e000 	C:\Windows\System32\winrnr.dll
0x00007ff8ddf90000 - 0x00007ff8ddfac000 	C:\Windows\system32\NLAapi.dll
0x00007ff8da0e0000 - 0x00007ff8da0f5000 	C:\Windows\system32\wshbth.dll
0x00007ff8d8460000 - 0x00007ff8d846a000 	C:\Windows\System32\rasadhlp.dll
0x00007ff8d4b00000 - 0x00007ff8d4b77000 	C:\Windows\System32\fwpuclnt.dll
0x00007ff8e27c0000 - 0x00007ff8e27e6000 	C:\Windows\System32\bcrypt.dll
0x00007ff8e1130000 - 0x00007ff8e1163000 	C:\Windows\system32\rsaenh.dll
0x00007ff8e1c90000 - 0x00007ff8e1cb5000 	C:\Windows\SYSTEM32\USERENV.dll
0x00007ff8e1780000 - 0x00007ff8e178c000 	C:\Windows\SYSTEM32\CRYPTBASE.dll
0x00007ff8d6210000 - 0x00007ff8d6226000 	C:\Windows\SYSTEM32\dhcpcsvc6.DLL
0x00007ff8d6110000 - 0x00007ff8d612c000 	C:\Windows\SYSTEM32\dhcpcsvc.DLL
0x00007ff8e04c0000 - 0x00007ff8e06b4000 	C:\Windows\SYSTEM32\dbghelp.dll

VM Arguments:
jvm_args: -XX:TieredStopAtLevel=1 -Xverify:none -Dspring.output.ansi.enabled=always -Dcom.sun.management.jmxremote -Dcom.sun.management.jmxremote.port=53000 -Dcom.sun.management.jmxremote.authenticate=false -Dcom.sun.management.jmxremote.ssl=false -Djava.rmi.server.hostname=localhost -Dspring.liveBeansView.mbeanDomain -Dspring.application.admin.enabled=true -javaagent:D:\IntelliJ IDEA 2018.2.2\lib\idea_rt.jar=53001:D:\IntelliJ IDEA 2018.2.2\bin -Dfile.encoding=UTF-8 
java_command: com.wsdm.WSDMApplication
java_class_path (initial): D:\Java\jdk -8\jre\lib\charsets.jar;D:\Java\jdk -8\jre\lib\deploy.jar;D:\Java\jdk -8\jre\lib\ext\access-bridge-64.jar;D:\Java\jdk -8\jre\lib\ext\cldrdata.jar;D:\Java\jdk -8\jre\lib\ext\dnsns.jar;D:\Java\jdk -8\jre\lib\ext\jaccess.jar;D:\Java\jdk -8\jre\lib\ext\jfxrt.jar;D:\Java\jdk -8\jre\lib\ext\localedata.jar;D:\Java\jdk -8\jre\lib\ext\nashorn.jar;D:\Java\jdk -8\jre\lib\ext\sunec.jar;D:\Java\jdk -8\jre\lib\ext\sunjce_provider.jar;D:\Java\jdk -8\jre\lib\ext\sunmscapi.jar;D:\Java\jdk -8\jre\lib\ext\sunpkcs11.jar;D:\Java\jdk -8\jre\lib\ext\zipfs.jar;D:\Java\jdk -8\jre\lib\javaws.jar;D:\Java\jdk -8\jre\lib\jce.jar;D:\Java\jdk -8\jre\lib\jfr.jar;D:\Java\jdk -8\jre\lib\jfxswt.jar;D:\Java\jdk -8\jre\lib\jsse.jar;D:\Java\jdk -8\jre\lib\management-agent.jar;D:\Java\jdk -8\jre\lib\plugin.jar;D:\Java\jdk -8\jre\lib\resources.jar;D:\Java\jdk -8\jre\lib\rt.jar;E:\Wisdom\wsdm-admin\target\classes;C:\Users\Administrator\.m2\repository\org\springframework\boot\spring-boot-devtools\2.1.17.RELEASE\spring-boot-devtools-2.1.17.RELEASE.jar;C:\Users\Administrator\.m2\repository\org\springframework\boot\spring-boot\2.1.17.RELEASE\spring-boot-2.1.17.RELEASE.jar;C:\Users\Administrator\.m2\repository\org\springframework\spring-core\5.1.18.RELEASE\spring-core-5.1.18.RELEASE.jar;C:\Users\Administrator\.m2\repository\org\springframework\spring-jcl\5.1.18.RELEASE\spring-jcl-5.1.18.RELEASE.jar;C:\Users\Administrator\.m2\repository\org\springframework\spring-context\5.1.18.RELEASE\spring-context-5.1.18.RELEASE.jar;C:\Users\Administrator\.m2\repository\org\springframework\spring-expression\5.1.18.RELEASE\spring-expression-5.1.18.RELEASE.jar;C:\Users\Administrator\.m2\repository\org\springframework\boot\spring-boot-autoconfigure\2.1.17.RELEASE\spring-boot-autoconfigure-2.1.17.RELEASE.jar;C:\Users\Administrator\.m2\repository\io\springfox\springfox-swagger2\2.9.2\springfox-swagger2-2.9.2.jar;C:\Users\Administrator\.m2\repository\io\springfox\springfox-spi\2.9.2\springfo
Launcher Type: SUN_STANDARD

Environment Variables:
JAVA_HOME=D:\Java\jdk -8
PATH=D:\Java\jdk -8\bin;D:\Java\jdk -8\jre\bin;C:\Program Files (x86)\Common Files\Oracle\Java\javapath;D:\python\Scripts\;D:\python\;D:\MySQL\mysql-5.7.18-winx64\bin;C:\Windows\system32;C:\Windows;C:\Windows\System32\Wbem;C:\Windows\System32\WindowsPowerShell\v1.0\;C:\Windows\System32\OpenSSH\;C:\Program Files\Google\Chrome\Application;?C:\Program Files (x86)\Microsoft\Edge\Application;D:\Git\cmd;D:\Android\SDK\platform-tools;D:\Android\SDK\tools;D:\Nodejs\;C:\Users\Administrator\node_modules;C:\Users\Administrator\AppData\Local\Microsoft\WindowsApps;D:\MySQL\mysql-5.7.18-winx64\bin;D:\Bandizip\;;D:\VScode\Microsoft VS Code\bin;C:\Users\Administrator\AppData\Roaming\npm
USERNAME=Administrator
OS=Windows_NT
PROCESSOR_IDENTIFIER=Intel64 Family 6 Model 142 Stepping 11, GenuineIntel



---------------  S Y S T E M  ---------------

OS: Windows 10.0 , 64 bit Build 18362 (10.0.18362.1500)

CPU:total 8 (initial active 8) (4 cores per cpu, 2 threads per core) family 6 model 142 stepping 11, cmov, cx8, fxsr, mmx, sse, sse2, sse3, ssse3, sse4.1, sse4.2, popcnt, avx, avx2, aes, clmul, erms, 3dnowpref, lzcnt, ht, tsc, tscinvbit, bmi1, bmi2, adx

Memory: 4k page, physical 8192264k(485440k free), swap 17367428k(2332k free)

vm_info: Java HotSpot(TM) 64-Bit Server VM (25.281-b09) for windows-amd64 JRE (1.8.0_281-b09), built on Dec  9 2020 13:54:07 by "" with MS VC++ 15.9 (VS2017)

time: Thu Jul 22 13:54:25 2021
timezone: ?D1¨²¡À¨º¡Á?¨º¡À??
elapsed time: 18.304165 seconds (0d 0h 0m 18s)

